<?xml version="1.0" encoding="UTF-8"?>
<testsuite xmlns:xsi="http://www.w3.org/2001/XMLSchema-instance" xsi:noNamespaceSchemaLocation="https://maven.apache.org/surefire/maven-surefire-plugin/xsd/surefire-test-report-3.0.xsd" version="3.0" name="com.solace.samples.spring.scs.ConvertFtoCProcessorTest" time="3.519" tests="1" errors="0" skipped="0" failures="0">
  <properties>
    <property name="java.specification.version" value="17"/>
    <property name="sun.jnu.encoding" value="UTF-8"/>
    <property name="java.class.path" value="/root/solace-samples-spring/cloud-stream-processor/target/test-classes:/root/solace-samples-spring/cloud-stream-processor/target/classes:/root/.m2/repository/com/solace/spring/cloud/spring-cloud-starter-stream-solace/5.0.0/spring-cloud-starter-stream-solace-5.0.0.jar:/root/.m2/repository/com/solace/spring/cloud/spring-cloud-stream-binder-solace/5.0.0/spring-cloud-stream-binder-solace-5.0.0.jar:/root/.m2/repository/com/solace/spring/cloud/spring-cloud-stream-binder-solace-core/5.0.0/spring-cloud-stream-binder-solace-core-5.0.0.jar:/root/.m2/repository/org/apache/commons/commons-lang3/3.13.0/commons-lang3-3.13.0.jar:/root/.m2/repository/com/solacesystems/sol-jcsmp/10.22.0/sol-jcsmp-10.22.0.jar:/root/.m2/repository/commons-logging/commons-logging/1.2/commons-logging-1.2.jar:/root/.m2/repository/org/osgi/org.osgi.annotation/6.0.0/org.osgi.annotation-6.0.0.jar:/root/.m2/repository/org/apache/servicemix/bundles/org.apache.servicemix.bundles.jzlib/1.0.7_2/org.apache.servicemix.bundles.jzlib-1.0.7_2.jar:/root/.m2/repository/com/solace/spring/boot/solace-java-spring-boot-starter/5.0.0/solace-java-spring-boot-starter-5.0.0.jar:/root/.m2/repository/com/solace/spring/boot/solace-java-spring-boot-autoconfigure/5.0.0/solace-java-spring-boot-autoconfigure-5.0.0.jar:/root/.m2/repository/jakarta/annotation/jakarta.annotation-api/2.1.1/jakarta.annotation-api-2.1.1.jar:/root/.m2/repository/com/solace/samples/spring/spring-samples-datamodel/0.0.1-SNAPSHOT/spring-samples-datamodel-0.0.1-SNAPSHOT.jar:/root/.m2/repository/org/springframework/boot/spring-boot-starter-web/3.2.4/spring-boot-starter-web-3.2.4.jar:/root/.m2/repository/org/springframework/boot/spring-boot-starter/3.2.4/spring-boot-starter-3.2.4.jar:/root/.m2/repository/org/springframework/boot/spring-boot-starter-logging/3.2.4/spring-boot-starter-logging-3.2.4.jar:/root/.m2/repository/ch/qos/logback/logback-classic/1.4.14/logback-classic-1.4.14.jar:/root/.m2/repository/ch/qos/logback/logback-core/1.4.14/logback-core-1.4.14.jar:/root/.m2/repository/org/apache/logging/log4j/log4j-to-slf4j/2.21.1/log4j-to-slf4j-2.21.1.jar:/root/.m2/repository/org/apache/logging/log4j/log4j-api/2.21.1/log4j-api-2.21.1.jar:/root/.m2/repository/org/slf4j/jul-to-slf4j/2.0.12/jul-to-slf4j-2.0.12.jar:/root/.m2/repository/org/yaml/snakeyaml/2.2/snakeyaml-2.2.jar:/root/.m2/repository/org/springframework/boot/spring-boot-starter-json/3.2.4/spring-boot-starter-json-3.2.4.jar:/root/.m2/repository/com/fasterxml/jackson/datatype/jackson-datatype-jdk8/2.15.4/jackson-datatype-jdk8-2.15.4.jar:/root/.m2/repository/com/fasterxml/jackson/datatype/jackson-datatype-jsr310/2.15.4/jackson-datatype-jsr310-2.15.4.jar:/root/.m2/repository/com/fasterxml/jackson/module/jackson-module-parameter-names/2.15.4/jackson-module-parameter-names-2.15.4.jar:/root/.m2/repository/org/springframework/boot/spring-boot-starter-tomcat/3.2.4/spring-boot-starter-tomcat-3.2.4.jar:/root/.m2/repository/org/apache/tomcat/embed/tomcat-embed-core/10.1.19/tomcat-embed-core-10.1.19.jar:/root/.m2/repository/org/apache/tomcat/embed/tomcat-embed-el/10.1.19/tomcat-embed-el-10.1.19.jar:/root/.m2/repository/org/apache/tomcat/embed/tomcat-embed-websocket/10.1.19/tomcat-embed-websocket-10.1.19.jar:/root/.m2/repository/org/springframework/spring-web/6.1.5/spring-web-6.1.5.jar:/root/.m2/repository/org/springframework/spring-beans/6.1.5/spring-beans-6.1.5.jar:/root/.m2/repository/org/springframework/spring-webmvc/6.1.5/spring-webmvc-6.1.5.jar:/root/.m2/repository/org/springframework/spring-aop/6.1.5/spring-aop-6.1.5.jar:/root/.m2/repository/org/springframework/spring-context/6.1.5/spring-context-6.1.5.jar:/root/.m2/repository/org/springframework/spring-expression/6.1.5/spring-expression-6.1.5.jar:/root/.m2/repository/org/springframework/boot/spring-boot-devtools/3.2.4/spring-boot-devtools-3.2.4.jar:/root/.m2/repository/org/springframework/boot/spring-boot/3.2.4/spring-boot-3.2.4.jar:/root/.m2/repository/org/springframework/boot/spring-boot-autoconfigure/3.2.4/spring-boot-autoconfigure-3.2.4.jar:/root/.m2/repository/org/springframework/boot/spring-boot-starter-test/3.2.4/spring-boot-starter-test-3.2.4.jar:/root/.m2/repository/org/springframework/boot/spring-boot-test/3.2.4/spring-boot-test-3.2.4.jar:/root/.m2/repository/org/springframework/boot/spring-boot-test-autoconfigure/3.2.4/spring-boot-test-autoconfigure-3.2.4.jar:/root/.m2/repository/com/jayway/jsonpath/json-path/2.9.0/json-path-2.9.0.jar:/root/.m2/repository/org/slf4j/slf4j-api/2.0.12/slf4j-api-2.0.12.jar:/root/.m2/repository/jakarta/xml/bind/jakarta.xml.bind-api/4.0.2/jakarta.xml.bind-api-4.0.2.jar:/root/.m2/repository/jakarta/activation/jakarta.activation-api/2.1.3/jakarta.activation-api-2.1.3.jar:/root/.m2/repository/net/minidev/json-smart/2.5.0/json-smart-2.5.0.jar:/root/.m2/repository/net/minidev/accessors-smart/2.5.0/accessors-smart-2.5.0.jar:/root/.m2/repository/org/ow2/asm/asm/9.3/asm-9.3.jar:/root/.m2/repository/org/assertj/assertj-core/3.24.2/assertj-core-3.24.2.jar:/root/.m2/repository/net/bytebuddy/byte-buddy/1.14.12/byte-buddy-1.14.12.jar:/root/.m2/repository/org/awaitility/awaitility/4.2.0/awaitility-4.2.0.jar:/root/.m2/repository/org/hamcrest/hamcrest/2.2/hamcrest-2.2.jar:/root/.m2/repository/org/junit/jupiter/junit-jupiter/5.10.2/junit-jupiter-5.10.2.jar:/root/.m2/repository/org/junit/jupiter/junit-jupiter-api/5.10.2/junit-jupiter-api-5.10.2.jar:/root/.m2/repository/org/opentest4j/opentest4j/1.3.0/opentest4j-1.3.0.jar:/root/.m2/repository/org/junit/platform/junit-platform-commons/1.10.2/junit-platform-commons-1.10.2.jar:/root/.m2/repository/org/apiguardian/apiguardian-api/1.1.2/apiguardian-api-1.1.2.jar:/root/.m2/repository/org/junit/jupiter/junit-jupiter-params/5.10.2/junit-jupiter-params-5.10.2.jar:/root/.m2/repository/org/junit/jupiter/junit-jupiter-engine/5.10.2/junit-jupiter-engine-5.10.2.jar:/root/.m2/repository/org/junit/platform/junit-platform-engine/1.10.2/junit-platform-engine-1.10.2.jar:/root/.m2/repository/org/mockito/mockito-core/5.7.0/mockito-core-5.7.0.jar:/root/.m2/repository/net/bytebuddy/byte-buddy-agent/1.14.12/byte-buddy-agent-1.14.12.jar:/root/.m2/repository/org/objenesis/objenesis/3.3/objenesis-3.3.jar:/root/.m2/repository/org/mockito/mockito-junit-jupiter/5.7.0/mockito-junit-jupiter-5.7.0.jar:/root/.m2/repository/org/skyscreamer/jsonassert/1.5.1/jsonassert-1.5.1.jar:/root/.m2/repository/org/springframework/spring-core/6.1.5/spring-core-6.1.5.jar:/root/.m2/repository/org/springframework/spring-jcl/6.1.5/spring-jcl-6.1.5.jar:/root/.m2/repository/org/springframework/spring-test/6.1.5/spring-test-6.1.5.jar:/root/.m2/repository/org/xmlunit/xmlunit-core/2.9.1/xmlunit-core-2.9.1.jar:/root/.m2/repository/org/springframework/cloud/spring-cloud-stream-test-support/4.1.1/spring-cloud-stream-test-support-4.1.1.jar:/root/.m2/repository/org/springframework/integration/spring-integration-test/6.2.3/spring-integration-test-6.2.3.jar:/root/.m2/repository/org/springframework/integration/spring-integration-core/6.2.3/spring-integration-core-6.2.3.jar:/root/.m2/repository/org/springframework/spring-tx/6.1.5/spring-tx-6.1.5.jar:/root/.m2/repository/io/projectreactor/reactor-core/3.6.4/reactor-core-3.6.4.jar:/root/.m2/repository/org/reactivestreams/reactive-streams/1.0.4/reactive-streams-1.0.4.jar:/root/.m2/repository/org/springframework/integration/spring-integration-test-support/6.2.3/spring-integration-test-support-6.2.3.jar:/root/.m2/repository/org/hamcrest/hamcrest-library/2.2/hamcrest-library-2.2.jar:/root/.m2/repository/org/hamcrest/hamcrest-core/2.2/hamcrest-core-2.2.jar:/root/.m2/repository/com/fasterxml/jackson/core/jackson-databind/2.15.4/jackson-databind-2.15.4.jar:/root/.m2/repository/com/fasterxml/jackson/core/jackson-annotations/2.15.4/jackson-annotations-2.15.4.jar:/root/.m2/repository/com/fasterxml/jackson/core/jackson-core/2.15.4/jackson-core-2.15.4.jar:/root/.m2/repository/org/springframework/cloud/spring-cloud-stream/4.1.1/spring-cloud-stream-4.1.1.jar:/root/.m2/repository/org/springframework/boot/spring-boot-starter-validation/3.2.4/spring-boot-starter-validation-3.2.4.jar:/root/.m2/repository/org/hibernate/validator/hibernate-validator/8.0.1.Final/hibernate-validator-8.0.1.Final.jar:/root/.m2/repository/jakarta/validation/jakarta.validation-api/3.0.2/jakarta.validation-api-3.0.2.jar:/root/.m2/repository/org/jboss/logging/jboss-logging/3.5.3.Final/jboss-logging-3.5.3.Final.jar:/root/.m2/repository/com/fasterxml/classmate/1.6.0/classmate-1.6.0.jar:/root/.m2/repository/org/springframework/spring-messaging/6.1.5/spring-messaging-6.1.5.jar:/root/.m2/repository/org/springframework/integration/spring-integration-jmx/6.2.3/spring-integration-jmx-6.2.3.jar:/root/.m2/repository/org/springframework/retry/spring-retry/2.0.5/spring-retry-2.0.5.jar:/root/.m2/repository/org/springframework/cloud/spring-cloud-function-context/4.1.1/spring-cloud-function-context-4.1.1.jar:/root/.m2/repository/net/jodah/typetools/0.6.2/typetools-0.6.2.jar:/root/.m2/repository/org/springframework/cloud/spring-cloud-function-core/4.1.1/spring-cloud-function-core-4.1.1.jar:/root/.m2/repository/org/jetbrains/kotlin/kotlin-stdlib-jdk8/1.9.23/kotlin-stdlib-jdk8-1.9.23.jar:/root/.m2/repository/org/jetbrains/kotlin/kotlin-stdlib/1.9.23/kotlin-stdlib-1.9.23.jar:/root/.m2/repository/org/jetbrains/annotations/13.0/annotations-13.0.jar:/root/.m2/repository/org/jetbrains/kotlin/kotlin-stdlib-jdk7/1.9.23/kotlin-stdlib-jdk7-1.9.23.jar:/root/.m2/repository/org/springframework/cloud/spring-cloud-stream-test-binder/4.1.1/spring-cloud-stream-test-binder-4.1.1.jar:/root/.m2/repository/org/springframework/boot/spring-boot-starter-actuator/3.2.4/spring-boot-starter-actuator-3.2.4.jar:/root/.m2/repository/org/springframework/boot/spring-boot-actuator-autoconfigure/3.2.4/spring-boot-actuator-autoconfigure-3.2.4.jar:/root/.m2/repository/org/springframework/boot/spring-boot-actuator/3.2.4/spring-boot-actuator-3.2.4.jar:/root/.m2/repository/io/micrometer/micrometer-observation/1.12.4/micrometer-observation-1.12.4.jar:/root/.m2/repository/io/micrometer/micrometer-commons/1.12.4/micrometer-commons-1.12.4.jar:/root/.m2/repository/io/micrometer/micrometer-jakarta9/1.12.4/micrometer-jakarta9-1.12.4.jar:/root/.m2/repository/io/micrometer/micrometer-core/1.12.4/micrometer-core-1.12.4.jar:/root/.m2/repository/org/hdrhistogram/HdrHistogram/2.1.12/HdrHistogram-2.1.12.jar:/root/.m2/repository/org/latencyutils/LatencyUtils/2.0.3/LatencyUtils-2.0.3.jar:"/>
    <property name="java.vm.vendor" value="Ubuntu"/>
    <property name="sun.arch.data.model" value="64"/>
    <property name="java.vendor.url" value="https://ubuntu.com/"/>
    <property name="user.timezone" value="Asia/Seoul"/>
    <property name="org.jboss.logging.provider" value="slf4j"/>
    <property name="os.name" value="Linux"/>
    <property name="java.vm.specification.version" value="17"/>
    <property name="sun.java.launcher" value="SUN_STANDARD"/>
    <property name="user.country" value="KR"/>
    <property name="sun.boot.library.path" value="/usr/lib/jvm/java-17-openjdk-amd64/lib"/>
    <property name="sun.java.command" value="/root/solace-samples-spring/cloud-stream-processor/target/surefire/surefirebooter-20240801112522916_3.jar /root/solace-samples-spring/cloud-stream-processor/target/surefire 2024-08-01T11-25-22_837-jvmRun1 surefire-20240801112522916_1tmp surefire_0-20240801112522916_2tmp"/>
    <property name="jdk.debug" value="release"/>
    <property name="surefire.test.class.path" value="/root/solace-samples-spring/cloud-stream-processor/target/test-classes:/root/solace-samples-spring/cloud-stream-processor/target/classes:/root/.m2/repository/com/solace/spring/cloud/spring-cloud-starter-stream-solace/5.0.0/spring-cloud-starter-stream-solace-5.0.0.jar:/root/.m2/repository/com/solace/spring/cloud/spring-cloud-stream-binder-solace/5.0.0/spring-cloud-stream-binder-solace-5.0.0.jar:/root/.m2/repository/com/solace/spring/cloud/spring-cloud-stream-binder-solace-core/5.0.0/spring-cloud-stream-binder-solace-core-5.0.0.jar:/root/.m2/repository/org/apache/commons/commons-lang3/3.13.0/commons-lang3-3.13.0.jar:/root/.m2/repository/com/solacesystems/sol-jcsmp/10.22.0/sol-jcsmp-10.22.0.jar:/root/.m2/repository/commons-logging/commons-logging/1.2/commons-logging-1.2.jar:/root/.m2/repository/org/osgi/org.osgi.annotation/6.0.0/org.osgi.annotation-6.0.0.jar:/root/.m2/repository/org/apache/servicemix/bundles/org.apache.servicemix.bundles.jzlib/1.0.7_2/org.apache.servicemix.bundles.jzlib-1.0.7_2.jar:/root/.m2/repository/com/solace/spring/boot/solace-java-spring-boot-starter/5.0.0/solace-java-spring-boot-starter-5.0.0.jar:/root/.m2/repository/com/solace/spring/boot/solace-java-spring-boot-autoconfigure/5.0.0/solace-java-spring-boot-autoconfigure-5.0.0.jar:/root/.m2/repository/jakarta/annotation/jakarta.annotation-api/2.1.1/jakarta.annotation-api-2.1.1.jar:/root/.m2/repository/com/solace/samples/spring/spring-samples-datamodel/0.0.1-SNAPSHOT/spring-samples-datamodel-0.0.1-SNAPSHOT.jar:/root/.m2/repository/org/springframework/boot/spring-boot-starter-web/3.2.4/spring-boot-starter-web-3.2.4.jar:/root/.m2/repository/org/springframework/boot/spring-boot-starter/3.2.4/spring-boot-starter-3.2.4.jar:/root/.m2/repository/org/springframework/boot/spring-boot-starter-logging/3.2.4/spring-boot-starter-logging-3.2.4.jar:/root/.m2/repository/ch/qos/logback/logback-classic/1.4.14/logback-classic-1.4.14.jar:/root/.m2/repository/ch/qos/logback/logback-core/1.4.14/logback-core-1.4.14.jar:/root/.m2/repository/org/apache/logging/log4j/log4j-to-slf4j/2.21.1/log4j-to-slf4j-2.21.1.jar:/root/.m2/repository/org/apache/logging/log4j/log4j-api/2.21.1/log4j-api-2.21.1.jar:/root/.m2/repository/org/slf4j/jul-to-slf4j/2.0.12/jul-to-slf4j-2.0.12.jar:/root/.m2/repository/org/yaml/snakeyaml/2.2/snakeyaml-2.2.jar:/root/.m2/repository/org/springframework/boot/spring-boot-starter-json/3.2.4/spring-boot-starter-json-3.2.4.jar:/root/.m2/repository/com/fasterxml/jackson/datatype/jackson-datatype-jdk8/2.15.4/jackson-datatype-jdk8-2.15.4.jar:/root/.m2/repository/com/fasterxml/jackson/datatype/jackson-datatype-jsr310/2.15.4/jackson-datatype-jsr310-2.15.4.jar:/root/.m2/repository/com/fasterxml/jackson/module/jackson-module-parameter-names/2.15.4/jackson-module-parameter-names-2.15.4.jar:/root/.m2/repository/org/springframework/boot/spring-boot-starter-tomcat/3.2.4/spring-boot-starter-tomcat-3.2.4.jar:/root/.m2/repository/org/apache/tomcat/embed/tomcat-embed-core/10.1.19/tomcat-embed-core-10.1.19.jar:/root/.m2/repository/org/apache/tomcat/embed/tomcat-embed-el/10.1.19/tomcat-embed-el-10.1.19.jar:/root/.m2/repository/org/apache/tomcat/embed/tomcat-embed-websocket/10.1.19/tomcat-embed-websocket-10.1.19.jar:/root/.m2/repository/org/springframework/spring-web/6.1.5/spring-web-6.1.5.jar:/root/.m2/repository/org/springframework/spring-beans/6.1.5/spring-beans-6.1.5.jar:/root/.m2/repository/org/springframework/spring-webmvc/6.1.5/spring-webmvc-6.1.5.jar:/root/.m2/repository/org/springframework/spring-aop/6.1.5/spring-aop-6.1.5.jar:/root/.m2/repository/org/springframework/spring-context/6.1.5/spring-context-6.1.5.jar:/root/.m2/repository/org/springframework/spring-expression/6.1.5/spring-expression-6.1.5.jar:/root/.m2/repository/org/springframework/boot/spring-boot-devtools/3.2.4/spring-boot-devtools-3.2.4.jar:/root/.m2/repository/org/springframework/boot/spring-boot/3.2.4/spring-boot-3.2.4.jar:/root/.m2/repository/org/springframework/boot/spring-boot-autoconfigure/3.2.4/spring-boot-autoconfigure-3.2.4.jar:/root/.m2/repository/org/springframework/boot/spring-boot-starter-test/3.2.4/spring-boot-starter-test-3.2.4.jar:/root/.m2/repository/org/springframework/boot/spring-boot-test/3.2.4/spring-boot-test-3.2.4.jar:/root/.m2/repository/org/springframework/boot/spring-boot-test-autoconfigure/3.2.4/spring-boot-test-autoconfigure-3.2.4.jar:/root/.m2/repository/com/jayway/jsonpath/json-path/2.9.0/json-path-2.9.0.jar:/root/.m2/repository/org/slf4j/slf4j-api/2.0.12/slf4j-api-2.0.12.jar:/root/.m2/repository/jakarta/xml/bind/jakarta.xml.bind-api/4.0.2/jakarta.xml.bind-api-4.0.2.jar:/root/.m2/repository/jakarta/activation/jakarta.activation-api/2.1.3/jakarta.activation-api-2.1.3.jar:/root/.m2/repository/net/minidev/json-smart/2.5.0/json-smart-2.5.0.jar:/root/.m2/repository/net/minidev/accessors-smart/2.5.0/accessors-smart-2.5.0.jar:/root/.m2/repository/org/ow2/asm/asm/9.3/asm-9.3.jar:/root/.m2/repository/org/assertj/assertj-core/3.24.2/assertj-core-3.24.2.jar:/root/.m2/repository/net/bytebuddy/byte-buddy/1.14.12/byte-buddy-1.14.12.jar:/root/.m2/repository/org/awaitility/awaitility/4.2.0/awaitility-4.2.0.jar:/root/.m2/repository/org/hamcrest/hamcrest/2.2/hamcrest-2.2.jar:/root/.m2/repository/org/junit/jupiter/junit-jupiter/5.10.2/junit-jupiter-5.10.2.jar:/root/.m2/repository/org/junit/jupiter/junit-jupiter-api/5.10.2/junit-jupiter-api-5.10.2.jar:/root/.m2/repository/org/opentest4j/opentest4j/1.3.0/opentest4j-1.3.0.jar:/root/.m2/repository/org/junit/platform/junit-platform-commons/1.10.2/junit-platform-commons-1.10.2.jar:/root/.m2/repository/org/apiguardian/apiguardian-api/1.1.2/apiguardian-api-1.1.2.jar:/root/.m2/repository/org/junit/jupiter/junit-jupiter-params/5.10.2/junit-jupiter-params-5.10.2.jar:/root/.m2/repository/org/junit/jupiter/junit-jupiter-engine/5.10.2/junit-jupiter-engine-5.10.2.jar:/root/.m2/repository/org/junit/platform/junit-platform-engine/1.10.2/junit-platform-engine-1.10.2.jar:/root/.m2/repository/org/mockito/mockito-core/5.7.0/mockito-core-5.7.0.jar:/root/.m2/repository/net/bytebuddy/byte-buddy-agent/1.14.12/byte-buddy-agent-1.14.12.jar:/root/.m2/repository/org/objenesis/objenesis/3.3/objenesis-3.3.jar:/root/.m2/repository/org/mockito/mockito-junit-jupiter/5.7.0/mockito-junit-jupiter-5.7.0.jar:/root/.m2/repository/org/skyscreamer/jsonassert/1.5.1/jsonassert-1.5.1.jar:/root/.m2/repository/org/springframework/spring-core/6.1.5/spring-core-6.1.5.jar:/root/.m2/repository/org/springframework/spring-jcl/6.1.5/spring-jcl-6.1.5.jar:/root/.m2/repository/org/springframework/spring-test/6.1.5/spring-test-6.1.5.jar:/root/.m2/repository/org/xmlunit/xmlunit-core/2.9.1/xmlunit-core-2.9.1.jar:/root/.m2/repository/org/springframework/cloud/spring-cloud-stream-test-support/4.1.1/spring-cloud-stream-test-support-4.1.1.jar:/root/.m2/repository/org/springframework/integration/spring-integration-test/6.2.3/spring-integration-test-6.2.3.jar:/root/.m2/repository/org/springframework/integration/spring-integration-core/6.2.3/spring-integration-core-6.2.3.jar:/root/.m2/repository/org/springframework/spring-tx/6.1.5/spring-tx-6.1.5.jar:/root/.m2/repository/io/projectreactor/reactor-core/3.6.4/reactor-core-3.6.4.jar:/root/.m2/repository/org/reactivestreams/reactive-streams/1.0.4/reactive-streams-1.0.4.jar:/root/.m2/repository/org/springframework/integration/spring-integration-test-support/6.2.3/spring-integration-test-support-6.2.3.jar:/root/.m2/repository/org/hamcrest/hamcrest-library/2.2/hamcrest-library-2.2.jar:/root/.m2/repository/org/hamcrest/hamcrest-core/2.2/hamcrest-core-2.2.jar:/root/.m2/repository/com/fasterxml/jackson/core/jackson-databind/2.15.4/jackson-databind-2.15.4.jar:/root/.m2/repository/com/fasterxml/jackson/core/jackson-annotations/2.15.4/jackson-annotations-2.15.4.jar:/root/.m2/repository/com/fasterxml/jackson/core/jackson-core/2.15.4/jackson-core-2.15.4.jar:/root/.m2/repository/org/springframework/cloud/spring-cloud-stream/4.1.1/spring-cloud-stream-4.1.1.jar:/root/.m2/repository/org/springframework/boot/spring-boot-starter-validation/3.2.4/spring-boot-starter-validation-3.2.4.jar:/root/.m2/repository/org/hibernate/validator/hibernate-validator/8.0.1.Final/hibernate-validator-8.0.1.Final.jar:/root/.m2/repository/jakarta/validation/jakarta.validation-api/3.0.2/jakarta.validation-api-3.0.2.jar:/root/.m2/repository/org/jboss/logging/jboss-logging/3.5.3.Final/jboss-logging-3.5.3.Final.jar:/root/.m2/repository/com/fasterxml/classmate/1.6.0/classmate-1.6.0.jar:/root/.m2/repository/org/springframework/spring-messaging/6.1.5/spring-messaging-6.1.5.jar:/root/.m2/repository/org/springframework/integration/spring-integration-jmx/6.2.3/spring-integration-jmx-6.2.3.jar:/root/.m2/repository/org/springframework/retry/spring-retry/2.0.5/spring-retry-2.0.5.jar:/root/.m2/repository/org/springframework/cloud/spring-cloud-function-context/4.1.1/spring-cloud-function-context-4.1.1.jar:/root/.m2/repository/net/jodah/typetools/0.6.2/typetools-0.6.2.jar:/root/.m2/repository/org/springframework/cloud/spring-cloud-function-core/4.1.1/spring-cloud-function-core-4.1.1.jar:/root/.m2/repository/org/jetbrains/kotlin/kotlin-stdlib-jdk8/1.9.23/kotlin-stdlib-jdk8-1.9.23.jar:/root/.m2/repository/org/jetbrains/kotlin/kotlin-stdlib/1.9.23/kotlin-stdlib-1.9.23.jar:/root/.m2/repository/org/jetbrains/annotations/13.0/annotations-13.0.jar:/root/.m2/repository/org/jetbrains/kotlin/kotlin-stdlib-jdk7/1.9.23/kotlin-stdlib-jdk7-1.9.23.jar:/root/.m2/repository/org/springframework/cloud/spring-cloud-stream-test-binder/4.1.1/spring-cloud-stream-test-binder-4.1.1.jar:/root/.m2/repository/org/springframework/boot/spring-boot-starter-actuator/3.2.4/spring-boot-starter-actuator-3.2.4.jar:/root/.m2/repository/org/springframework/boot/spring-boot-actuator-autoconfigure/3.2.4/spring-boot-actuator-autoconfigure-3.2.4.jar:/root/.m2/repository/org/springframework/boot/spring-boot-actuator/3.2.4/spring-boot-actuator-3.2.4.jar:/root/.m2/repository/io/micrometer/micrometer-observation/1.12.4/micrometer-observation-1.12.4.jar:/root/.m2/repository/io/micrometer/micrometer-commons/1.12.4/micrometer-commons-1.12.4.jar:/root/.m2/repository/io/micrometer/micrometer-jakarta9/1.12.4/micrometer-jakarta9-1.12.4.jar:/root/.m2/repository/io/micrometer/micrometer-core/1.12.4/micrometer-core-1.12.4.jar:/root/.m2/repository/org/hdrhistogram/HdrHistogram/2.1.12/HdrHistogram-2.1.12.jar:/root/.m2/repository/org/latencyutils/LatencyUtils/2.0.3/LatencyUtils-2.0.3.jar:"/>
    <property name="sun.cpu.endian" value="little"/>
    <property name="user.home" value="/root"/>
    <property name="user.language" value="ko"/>
    <property name="java.specification.vendor" value="Oracle Corporation"/>
    <property name="java.version.date" value="2024-07-16"/>
    <property name="java.home" value="/usr/lib/jvm/java-17-openjdk-amd64"/>
    <property name="file.separator" value="/"/>
    <property name="basedir" value="/root/solace-samples-spring/cloud-stream-processor"/>
    <property name="java.vm.compressedOopsMode" value="Zero based"/>
    <property name="line.separator" value="&#10;"/>
    <property name="java.specification.name" value="Java Platform API Specification"/>
    <property name="java.vm.specification.vendor" value="Oracle Corporation"/>
    <property name="FILE_LOG_CHARSET" value="UTF-8"/>
    <property name="java.awt.headless" value="true"/>
    <property name="surefire.real.class.path" value="/root/solace-samples-spring/cloud-stream-processor/target/surefire/surefirebooter-20240801112522916_3.jar"/>
    <property name="sun.management.compiler" value="HotSpot 64-Bit Tiered Compilers"/>
    <property name="java.runtime.version" value="17.0.12+7-Ubuntu-1ubuntu220.04"/>
    <property name="user.name" value="root"/>
    <property name="path.separator" value=":"/>
    <property name="os.version" value="5.15.0-102-generic"/>
    <property name="java.runtime.name" value="OpenJDK Runtime Environment"/>
    <property name="file.encoding" value="UTF-8"/>
    <property name="java.vm.name" value="OpenJDK 64-Bit Server VM"/>
    <property name="localRepository" value="/root/.m2/repository"/>
    <property name="java.vendor.url.bug" value="https://bugs.launchpad.net/ubuntu/+source/openjdk-17"/>
    <property name="java.io.tmpdir" value="/tmp"/>
    <property name="java.version" value="17.0.12"/>
    <property name="user.dir" value="/root/solace-samples-spring/cloud-stream-processor"/>
    <property name="os.arch" value="amd64"/>
    <property name="java.vm.specification.name" value="Java Virtual Machine Specification"/>
    <property name="PID" value="11574"/>
    <property name="CONSOLE_LOG_CHARSET" value="UTF-8"/>
    <property name="native.encoding" value="UTF-8"/>
    <property name="java.library.path" value="/usr/java/packages/lib:/usr/lib/x86_64-linux-gnu/jni:/lib/x86_64-linux-gnu:/usr/lib/x86_64-linux-gnu:/usr/lib/jni:/lib:/usr/lib"/>
    <property name="java.vm.info" value="mixed mode, sharing"/>
    <property name="java.vendor" value="Ubuntu"/>
    <property name="java.vm.version" value="17.0.12+7-Ubuntu-1ubuntu220.04"/>
    <property name="sun.io.unicode.encoding" value="UnicodeLittle"/>
    <property name="java.class.version" value="61.0"/>
    <property name="CONSOLE_LOG_PATTERN" value="%d{ISO8601} %5p %t %c{2}:%L - %m%n"/>
  </properties>
  <testcase name="testFeaturesProcessor" classname="com.solace.samples.spring.scs.ConvertFtoCProcessorTest" time="0.735">
    <system-out><![CDATA[Standard Commons Logging discovery in action with spring-jcl: please remove commons-logging.jar from classpath in order to avoid potential conflicts
11:25:23.686 [main] INFO org.springframework.boot.devtools.restart.RestartApplicationListener -- Restart disabled due to context in which it is running

  .   ____          _            __ _ _
 /\\ / ___'_ __ _ _(_)_ __  __ _ \ \ \ \
( ( )\___ | '_ | '_| | '_ \/ _` | \ \ \ \
 \\/  ___)| |_)| | | | | || (_| |  ) ) ) )
  '  |____| .__|_| |_|_| |_\__, | / / / /
 =========|_|==============|___/=/_/_/_/
 :: Spring Boot ::                (v3.2.4)

2024-08-01 11:25:23,928  INFO main c.s.s.s.s.ConvertFtoCProcessorTest:50 - Starting ConvertFtoCProcessorTest using Java 17.0.12 with PID 11574 (started by root in /root/solace-samples-spring/cloud-stream-processor)
2024-08-01 11:25:23,930  INFO main c.s.s.s.s.ConvertFtoCProcessorTest:654 - No active profile set, falling back to 1 default profile: "default"
2024-08-01 11:25:24,786  INFO main o.s.i.c.DefaultConfiguringBeanFactoryPostProcessor:292 - No bean named 'errorChannel' has been explicitly defined. Therefore, a default PublishSubscribeChannel will be created.
2024-08-01 11:25:24,793  INFO main o.s.i.c.DefaultConfiguringBeanFactoryPostProcessor:292 - No bean named 'integrationHeaderChannelRegistry' has been explicitly defined. Therefore, a default DefaultHeaderChannelRegistry will be created.
2024-08-01 11:25:25,885  INFO main o.s.c.s.m.DirectWithAttributesChannel:174 - Channel 'application.convertFtoC-in-0' has 1 subscriber(s).
2024-08-01 11:25:25,996  INFO main o.s.b.a.e.w.EndpointLinksResolver:58 - Exposing 1 endpoint(s) beneath base path '/actuator'
2024-08-01 11:25:26,072  INFO main o.s.i.e.EventDrivenConsumer:174 - Adding {logging-channel-adapter:_org.springframework.integration.errorLogger} as a subscriber to the 'errorChannel' channel
2024-08-01 11:25:26,073  INFO main o.s.i.c.PublishSubscribeChannel:174 - Channel 'application.errorChannel' has 1 subscriber(s).
2024-08-01 11:25:26,073  INFO main o.s.i.e.EventDrivenConsumer:292 - started bean '_org.springframework.integration.errorLogger'
2024-08-01 11:25:26,078  INFO main o.s.i.c.PublishSubscribeChannel:174 - Channel 'sensor/temperature/celsius.destination' has 1 subscriber(s).
2024-08-01 11:25:26,080  INFO main o.s.c.s.m.DirectWithAttributesChannel:174 - Channel 'application.convertFtoC-out-0' has 1 subscriber(s).
2024-08-01 11:25:26,087  INFO main o.s.c.s.b.BinderErrorChannel:174 - Channel '1030191317.convertFtoC-in-0.errors' has 1 subscriber(s).
2024-08-01 11:25:26,088  INFO main o.s.c.s.b.BinderErrorChannel:174 - Channel '1030191317.convertFtoC-in-0.errors' has 2 subscriber(s).
2024-08-01 11:25:26,091  INFO main o.s.i.c.PublishSubscribeChannel:174 - Channel 'TEMPS.Q.destination' has 1 subscriber(s).
2024-08-01 11:25:26,092  INFO main o.s.c.s.b.t.TestChannelBinder$IntegrationBinderInboundChannelAdapter:292 - started org.springframework.cloud.stream.binder.test.TestChannelBinder$IntegrationBinderInboundChannelAdapter@16cf7fd0
2024-08-01 11:25:26,109  INFO main c.s.s.s.s.ConvertFtoCProcessorTest:56 - Started ConvertFtoCProcessorTest in 2.432 seconds (process running for 3.14)
2024-08-01 11:25:26,837  INFO main c.s.s.s.s.ConvertFtoCProcessor:44 - Received: SensorReading [ 2024-08-01 11:25:26.815 test 70.0 FAHRENHEIT ]
2024-08-01 11:25:26,838  INFO main c.s.s.s.s.ConvertFtoCProcessor:50 - Sending: SensorReading [ 2024-08-01 11:25:26.815 test 21.1 CELSIUS ]
2024-08-01 11:25:26,881  WARN main o.s.c.s.b.t.OutputDestination:119 - !!!While 'receive(long timeout, int bindingIndex)' method may still work it is deprecated no longer supported. It will be removed after 3.1.3 release. Please use 'receive(long timeout, String bindingName)'
]]></system-out>
  </testcase>
</testsuite>