<?xml version="1.0" encoding="UTF-8"?>
<testsuite xmlns:xsi="http://www.w3.org/2001/XMLSchema-instance" xsi:noNamespaceSchemaLocation="https://maven.apache.org/surefire/maven-surefire-plugin/xsd/surefire-test-report.xsd" name="com.amrut.prabhu.DistributedTracingApplicationTests" time="4.37" tests="1" errors="0" skipped="0" failures="0">
  <properties>
    <property name="java.specification.version" value="17"/>
    <property name="sun.jnu.encoding" value="UTF-8"/>
    <property name="java.class.path" value="/root/distributed-tracing-with-spring-boot/distributed-tracing-spring-boot-opentelemetry-jaeger/target/test-classes:/root/distributed-tracing-with-spring-boot/distributed-tracing-spring-boot-opentelemetry-jaeger/target/classes:/root/.m2/repository/org/springframework/boot/spring-boot-starter-actuator/3.0.5/spring-boot-starter-actuator-3.0.5.jar:/root/.m2/repository/org/springframework/boot/spring-boot-starter/3.0.5/spring-boot-starter-3.0.5.jar:/root/.m2/repository/org/springframework/boot/spring-boot/3.0.5/spring-boot-3.0.5.jar:/root/.m2/repository/org/springframework/boot/spring-boot-autoconfigure/3.0.5/spring-boot-autoconfigure-3.0.5.jar:/root/.m2/repository/org/springframework/boot/spring-boot-starter-logging/3.0.5/spring-boot-starter-logging-3.0.5.jar:/root/.m2/repository/ch/qos/logback/logback-classic/1.4.6/logback-classic-1.4.6.jar:/root/.m2/repository/ch/qos/logback/logback-core/1.4.6/logback-core-1.4.6.jar:/root/.m2/repository/org/apache/logging/log4j/log4j-to-slf4j/2.19.0/log4j-to-slf4j-2.19.0.jar:/root/.m2/repository/org/apache/logging/log4j/log4j-api/2.19.0/log4j-api-2.19.0.jar:/root/.m2/repository/org/slf4j/jul-to-slf4j/2.0.7/jul-to-slf4j-2.0.7.jar:/root/.m2/repository/jakarta/annotation/jakarta.annotation-api/2.1.1/jakarta.annotation-api-2.1.1.jar:/root/.m2/repository/org/yaml/snakeyaml/1.33/snakeyaml-1.33.jar:/root/.m2/repository/org/springframework/boot/spring-boot-actuator-autoconfigure/3.0.5/spring-boot-actuator-autoconfigure-3.0.5.jar:/root/.m2/repository/org/springframework/boot/spring-boot-actuator/3.0.5/spring-boot-actuator-3.0.5.jar:/root/.m2/repository/com/fasterxml/jackson/core/jackson-databind/2.14.2/jackson-databind-2.14.2.jar:/root/.m2/repository/com/fasterxml/jackson/core/jackson-annotations/2.14.2/jackson-annotations-2.14.2.jar:/root/.m2/repository/com/fasterxml/jackson/core/jackson-core/2.14.2/jackson-core-2.14.2.jar:/root/.m2/repository/com/fasterxml/jackson/datatype/jackson-datatype-jsr310/2.14.2/jackson-datatype-jsr310-2.14.2.jar:/root/.m2/repository/io/micrometer/micrometer-observation/1.10.5/micrometer-observation-1.10.5.jar:/root/.m2/repository/io/micrometer/micrometer-commons/1.10.5/micrometer-commons-1.10.5.jar:/root/.m2/repository/io/micrometer/micrometer-core/1.10.5/micrometer-core-1.10.5.jar:/root/.m2/repository/org/hdrhistogram/HdrHistogram/2.1.12/HdrHistogram-2.1.12.jar:/root/.m2/repository/org/latencyutils/LatencyUtils/2.0.3/LatencyUtils-2.0.3.jar:/root/.m2/repository/org/springframework/boot/spring-boot-starter-web/3.0.5/spring-boot-starter-web-3.0.5.jar:/root/.m2/repository/org/springframework/boot/spring-boot-starter-json/3.0.5/spring-boot-starter-json-3.0.5.jar:/root/.m2/repository/com/fasterxml/jackson/datatype/jackson-datatype-jdk8/2.14.2/jackson-datatype-jdk8-2.14.2.jar:/root/.m2/repository/com/fasterxml/jackson/module/jackson-module-parameter-names/2.14.2/jackson-module-parameter-names-2.14.2.jar:/root/.m2/repository/org/springframework/boot/spring-boot-starter-tomcat/3.0.5/spring-boot-starter-tomcat-3.0.5.jar:/root/.m2/repository/org/apache/tomcat/embed/tomcat-embed-core/10.1.7/tomcat-embed-core-10.1.7.jar:/root/.m2/repository/org/apache/tomcat/embed/tomcat-embed-el/10.1.7/tomcat-embed-el-10.1.7.jar:/root/.m2/repository/org/apache/tomcat/embed/tomcat-embed-websocket/10.1.7/tomcat-embed-websocket-10.1.7.jar:/root/.m2/repository/org/springframework/spring-web/6.0.7/spring-web-6.0.7.jar:/root/.m2/repository/org/springframework/spring-beans/6.0.7/spring-beans-6.0.7.jar:/root/.m2/repository/org/springframework/spring-webmvc/6.0.7/spring-webmvc-6.0.7.jar:/root/.m2/repository/org/springframework/spring-aop/6.0.7/spring-aop-6.0.7.jar:/root/.m2/repository/org/springframework/spring-context/6.0.7/spring-context-6.0.7.jar:/root/.m2/repository/org/springframework/spring-expression/6.0.7/spring-expression-6.0.7.jar:/root/.m2/repository/org/springframework/boot/spring-boot-starter-test/3.0.5/spring-boot-starter-test-3.0.5.jar:/root/.m2/repository/org/springframework/boot/spring-boot-test/3.0.5/spring-boot-test-3.0.5.jar:/root/.m2/repository/org/springframework/boot/spring-boot-test-autoconfigure/3.0.5/spring-boot-test-autoconfigure-3.0.5.jar:/root/.m2/repository/com/jayway/jsonpath/json-path/2.7.0/json-path-2.7.0.jar:/root/.m2/repository/net/minidev/json-smart/2.4.10/json-smart-2.4.10.jar:/root/.m2/repository/net/minidev/accessors-smart/2.4.9/accessors-smart-2.4.9.jar:/root/.m2/repository/org/ow2/asm/asm/9.3/asm-9.3.jar:/root/.m2/repository/jakarta/xml/bind/jakarta.xml.bind-api/4.0.0/jakarta.xml.bind-api-4.0.0.jar:/root/.m2/repository/jakarta/activation/jakarta.activation-api/2.1.1/jakarta.activation-api-2.1.1.jar:/root/.m2/repository/org/assertj/assertj-core/3.23.1/assertj-core-3.23.1.jar:/root/.m2/repository/net/bytebuddy/byte-buddy/1.12.23/byte-buddy-1.12.23.jar:/root/.m2/repository/org/hamcrest/hamcrest/2.2/hamcrest-2.2.jar:/root/.m2/repository/org/junit/jupiter/junit-jupiter/5.9.2/junit-jupiter-5.9.2.jar:/root/.m2/repository/org/junit/jupiter/junit-jupiter-api/5.9.2/junit-jupiter-api-5.9.2.jar:/root/.m2/repository/org/opentest4j/opentest4j/1.2.0/opentest4j-1.2.0.jar:/root/.m2/repository/org/junit/platform/junit-platform-commons/1.9.2/junit-platform-commons-1.9.2.jar:/root/.m2/repository/org/apiguardian/apiguardian-api/1.1.2/apiguardian-api-1.1.2.jar:/root/.m2/repository/org/junit/jupiter/junit-jupiter-params/5.9.2/junit-jupiter-params-5.9.2.jar:/root/.m2/repository/org/junit/jupiter/junit-jupiter-engine/5.9.2/junit-jupiter-engine-5.9.2.jar:/root/.m2/repository/org/junit/platform/junit-platform-engine/1.9.2/junit-platform-engine-1.9.2.jar:/root/.m2/repository/org/mockito/mockito-core/4.8.1/mockito-core-4.8.1.jar:/root/.m2/repository/net/bytebuddy/byte-buddy-agent/1.12.23/byte-buddy-agent-1.12.23.jar:/root/.m2/repository/org/objenesis/objenesis/3.2/objenesis-3.2.jar:/root/.m2/repository/org/mockito/mockito-junit-jupiter/4.8.1/mockito-junit-jupiter-4.8.1.jar:/root/.m2/repository/org/skyscreamer/jsonassert/1.5.1/jsonassert-1.5.1.jar:/root/.m2/repository/com/vaadin/external/google/android-json/0.0.20131108.vaadin1/android-json-0.0.20131108.vaadin1.jar:/root/.m2/repository/org/springframework/spring-core/6.0.7/spring-core-6.0.7.jar:/root/.m2/repository/org/springframework/spring-jcl/6.0.7/spring-jcl-6.0.7.jar:/root/.m2/repository/org/springframework/spring-test/6.0.7/spring-test-6.0.7.jar:/root/.m2/repository/org/xmlunit/xmlunit-core/2.9.1/xmlunit-core-2.9.1.jar:/root/.m2/repository/io/micrometer/micrometer-tracing-bridge-otel/1.0.3/micrometer-tracing-bridge-otel-1.0.3.jar:/root/.m2/repository/io/micrometer/micrometer-tracing/1.0.3/micrometer-tracing-1.0.3.jar:/root/.m2/repository/io/micrometer/context-propagation/1.0.2/context-propagation-1.0.2.jar:/root/.m2/repository/aopalliance/aopalliance/1.0/aopalliance-1.0.jar:/root/.m2/repository/org/slf4j/slf4j-api/2.0.7/slf4j-api-2.0.7.jar:/root/.m2/repository/io/opentelemetry/opentelemetry-api/1.19.0/opentelemetry-api-1.19.0.jar:/root/.m2/repository/io/opentelemetry/opentelemetry-context/1.19.0/opentelemetry-context-1.19.0.jar:/root/.m2/repository/io/opentelemetry/opentelemetry-extension-aws/1.19.0/opentelemetry-extension-aws-1.19.0.jar:/root/.m2/repository/io/opentelemetry/opentelemetry-semconv/1.19.0-alpha/opentelemetry-semconv-1.19.0-alpha.jar:/root/.m2/repository/io/opentelemetry/opentelemetry-sdk-common/1.19.0/opentelemetry-sdk-common-1.19.0.jar:/root/.m2/repository/io/opentelemetry/opentelemetry-sdk-trace/1.19.0/opentelemetry-sdk-trace-1.19.0.jar:/root/.m2/repository/io/opentelemetry/opentelemetry-sdk/1.19.0/opentelemetry-sdk-1.19.0.jar:/root/.m2/repository/io/opentelemetry/opentelemetry-sdk-logs/1.19.0-alpha/opentelemetry-sdk-logs-1.19.0-alpha.jar:/root/.m2/repository/io/opentelemetry/opentelemetry-api-logs/1.19.0-alpha/opentelemetry-api-logs-1.19.0-alpha.jar:/root/.m2/repository/io/opentelemetry/instrumentation/opentelemetry-instrumentation-api-semconv/1.19.2-alpha/opentelemetry-instrumentation-api-semconv-1.19.2-alpha.jar:/root/.m2/repository/io/opentelemetry/instrumentation/opentelemetry-instrumentation-api/1.19.2/opentelemetry-instrumentation-api-1.19.2.jar:/root/.m2/repository/io/opentelemetry/opentelemetry-extension-trace-propagators/1.19.0/opentelemetry-extension-trace-propagators-1.19.0.jar:/root/.m2/repository/io/opentelemetry/opentelemetry-exporter-otlp/1.19.0/opentelemetry-exporter-otlp-1.19.0.jar:/root/.m2/repository/io/opentelemetry/opentelemetry-sdk-metrics/1.19.0/opentelemetry-sdk-metrics-1.19.0.jar:/root/.m2/repository/io/opentelemetry/opentelemetry-exporter-otlp-common/1.19.0/opentelemetry-exporter-otlp-common-1.19.0.jar:/root/.m2/repository/io/opentelemetry/opentelemetry-exporter-common/1.19.0/opentelemetry-exporter-common-1.19.0.jar:/root/.m2/repository/com/squareup/okhttp3/okhttp/4.10.0/okhttp-4.10.0.jar:/root/.m2/repository/com/squareup/okio/okio-jvm/3.0.0/okio-jvm-3.0.0.jar:/root/.m2/repository/org/jetbrains/kotlin/kotlin-stdlib-jdk8/1.7.22/kotlin-stdlib-jdk8-1.7.22.jar:/root/.m2/repository/org/jetbrains/kotlin/kotlin-stdlib-jdk7/1.7.22/kotlin-stdlib-jdk7-1.7.22.jar:/root/.m2/repository/org/jetbrains/kotlin/kotlin-stdlib-common/1.7.22/kotlin-stdlib-common-1.7.22.jar:/root/.m2/repository/org/jetbrains/kotlin/kotlin-stdlib/1.7.22/kotlin-stdlib-1.7.22.jar:/root/.m2/repository/org/jetbrains/annotations/13.0/annotations-13.0.jar:"/>
    <property name="java.vm.vendor" value="Ubuntu"/>
    <property name="sun.arch.data.model" value="64"/>
    <property name="java.vendor.url" value="https://ubuntu.com/"/>
    <property name="os.name" value="Linux"/>
    <property name="java.vm.specification.version" value="17"/>
    <property name="sun.java.launcher" value="SUN_STANDARD"/>
    <property name="user.country" value="KR"/>
    <property name="sun.boot.library.path" value="/usr/lib/jvm/java-17-openjdk-amd64/lib"/>
    <property name="sun.java.command" value="/root/distributed-tracing-with-spring-boot/distributed-tracing-spring-boot-opentelemetry-jaeger/target/surefire/surefirebooter13131405348200466884.jar /root/distributed-tracing-with-spring-boot/distributed-tracing-spring-boot-opentelemetry-jaeger/target/surefire 2024-11-22T11-04-18_028-jvmRun1 surefire2610916704297016413tmp surefire_013358491378738202430tmp"/>
    <property name="jdk.debug" value="release"/>
    <property name="surefire.test.class.path" value="/root/distributed-tracing-with-spring-boot/distributed-tracing-spring-boot-opentelemetry-jaeger/target/test-classes:/root/distributed-tracing-with-spring-boot/distributed-tracing-spring-boot-opentelemetry-jaeger/target/classes:/root/.m2/repository/org/springframework/boot/spring-boot-starter-actuator/3.0.5/spring-boot-starter-actuator-3.0.5.jar:/root/.m2/repository/org/springframework/boot/spring-boot-starter/3.0.5/spring-boot-starter-3.0.5.jar:/root/.m2/repository/org/springframework/boot/spring-boot/3.0.5/spring-boot-3.0.5.jar:/root/.m2/repository/org/springframework/boot/spring-boot-autoconfigure/3.0.5/spring-boot-autoconfigure-3.0.5.jar:/root/.m2/repository/org/springframework/boot/spring-boot-starter-logging/3.0.5/spring-boot-starter-logging-3.0.5.jar:/root/.m2/repository/ch/qos/logback/logback-classic/1.4.6/logback-classic-1.4.6.jar:/root/.m2/repository/ch/qos/logback/logback-core/1.4.6/logback-core-1.4.6.jar:/root/.m2/repository/org/apache/logging/log4j/log4j-to-slf4j/2.19.0/log4j-to-slf4j-2.19.0.jar:/root/.m2/repository/org/apache/logging/log4j/log4j-api/2.19.0/log4j-api-2.19.0.jar:/root/.m2/repository/org/slf4j/jul-to-slf4j/2.0.7/jul-to-slf4j-2.0.7.jar:/root/.m2/repository/jakarta/annotation/jakarta.annotation-api/2.1.1/jakarta.annotation-api-2.1.1.jar:/root/.m2/repository/org/yaml/snakeyaml/1.33/snakeyaml-1.33.jar:/root/.m2/repository/org/springframework/boot/spring-boot-actuator-autoconfigure/3.0.5/spring-boot-actuator-autoconfigure-3.0.5.jar:/root/.m2/repository/org/springframework/boot/spring-boot-actuator/3.0.5/spring-boot-actuator-3.0.5.jar:/root/.m2/repository/com/fasterxml/jackson/core/jackson-databind/2.14.2/jackson-databind-2.14.2.jar:/root/.m2/repository/com/fasterxml/jackson/core/jackson-annotations/2.14.2/jackson-annotations-2.14.2.jar:/root/.m2/repository/com/fasterxml/jackson/core/jackson-core/2.14.2/jackson-core-2.14.2.jar:/root/.m2/repository/com/fasterxml/jackson/datatype/jackson-datatype-jsr310/2.14.2/jackson-datatype-jsr310-2.14.2.jar:/root/.m2/repository/io/micrometer/micrometer-observation/1.10.5/micrometer-observation-1.10.5.jar:/root/.m2/repository/io/micrometer/micrometer-commons/1.10.5/micrometer-commons-1.10.5.jar:/root/.m2/repository/io/micrometer/micrometer-core/1.10.5/micrometer-core-1.10.5.jar:/root/.m2/repository/org/hdrhistogram/HdrHistogram/2.1.12/HdrHistogram-2.1.12.jar:/root/.m2/repository/org/latencyutils/LatencyUtils/2.0.3/LatencyUtils-2.0.3.jar:/root/.m2/repository/org/springframework/boot/spring-boot-starter-web/3.0.5/spring-boot-starter-web-3.0.5.jar:/root/.m2/repository/org/springframework/boot/spring-boot-starter-json/3.0.5/spring-boot-starter-json-3.0.5.jar:/root/.m2/repository/com/fasterxml/jackson/datatype/jackson-datatype-jdk8/2.14.2/jackson-datatype-jdk8-2.14.2.jar:/root/.m2/repository/com/fasterxml/jackson/module/jackson-module-parameter-names/2.14.2/jackson-module-parameter-names-2.14.2.jar:/root/.m2/repository/org/springframework/boot/spring-boot-starter-tomcat/3.0.5/spring-boot-starter-tomcat-3.0.5.jar:/root/.m2/repository/org/apache/tomcat/embed/tomcat-embed-core/10.1.7/tomcat-embed-core-10.1.7.jar:/root/.m2/repository/org/apache/tomcat/embed/tomcat-embed-el/10.1.7/tomcat-embed-el-10.1.7.jar:/root/.m2/repository/org/apache/tomcat/embed/tomcat-embed-websocket/10.1.7/tomcat-embed-websocket-10.1.7.jar:/root/.m2/repository/org/springframework/spring-web/6.0.7/spring-web-6.0.7.jar:/root/.m2/repository/org/springframework/spring-beans/6.0.7/spring-beans-6.0.7.jar:/root/.m2/repository/org/springframework/spring-webmvc/6.0.7/spring-webmvc-6.0.7.jar:/root/.m2/repository/org/springframework/spring-aop/6.0.7/spring-aop-6.0.7.jar:/root/.m2/repository/org/springframework/spring-context/6.0.7/spring-context-6.0.7.jar:/root/.m2/repository/org/springframework/spring-expression/6.0.7/spring-expression-6.0.7.jar:/root/.m2/repository/org/springframework/boot/spring-boot-starter-test/3.0.5/spring-boot-starter-test-3.0.5.jar:/root/.m2/repository/org/springframework/boot/spring-boot-test/3.0.5/spring-boot-test-3.0.5.jar:/root/.m2/repository/org/springframework/boot/spring-boot-test-autoconfigure/3.0.5/spring-boot-test-autoconfigure-3.0.5.jar:/root/.m2/repository/com/jayway/jsonpath/json-path/2.7.0/json-path-2.7.0.jar:/root/.m2/repository/net/minidev/json-smart/2.4.10/json-smart-2.4.10.jar:/root/.m2/repository/net/minidev/accessors-smart/2.4.9/accessors-smart-2.4.9.jar:/root/.m2/repository/org/ow2/asm/asm/9.3/asm-9.3.jar:/root/.m2/repository/jakarta/xml/bind/jakarta.xml.bind-api/4.0.0/jakarta.xml.bind-api-4.0.0.jar:/root/.m2/repository/jakarta/activation/jakarta.activation-api/2.1.1/jakarta.activation-api-2.1.1.jar:/root/.m2/repository/org/assertj/assertj-core/3.23.1/assertj-core-3.23.1.jar:/root/.m2/repository/net/bytebuddy/byte-buddy/1.12.23/byte-buddy-1.12.23.jar:/root/.m2/repository/org/hamcrest/hamcrest/2.2/hamcrest-2.2.jar:/root/.m2/repository/org/junit/jupiter/junit-jupiter/5.9.2/junit-jupiter-5.9.2.jar:/root/.m2/repository/org/junit/jupiter/junit-jupiter-api/5.9.2/junit-jupiter-api-5.9.2.jar:/root/.m2/repository/org/opentest4j/opentest4j/1.2.0/opentest4j-1.2.0.jar:/root/.m2/repository/org/junit/platform/junit-platform-commons/1.9.2/junit-platform-commons-1.9.2.jar:/root/.m2/repository/org/apiguardian/apiguardian-api/1.1.2/apiguardian-api-1.1.2.jar:/root/.m2/repository/org/junit/jupiter/junit-jupiter-params/5.9.2/junit-jupiter-params-5.9.2.jar:/root/.m2/repository/org/junit/jupiter/junit-jupiter-engine/5.9.2/junit-jupiter-engine-5.9.2.jar:/root/.m2/repository/org/junit/platform/junit-platform-engine/1.9.2/junit-platform-engine-1.9.2.jar:/root/.m2/repository/org/mockito/mockito-core/4.8.1/mockito-core-4.8.1.jar:/root/.m2/repository/net/bytebuddy/byte-buddy-agent/1.12.23/byte-buddy-agent-1.12.23.jar:/root/.m2/repository/org/objenesis/objenesis/3.2/objenesis-3.2.jar:/root/.m2/repository/org/mockito/mockito-junit-jupiter/4.8.1/mockito-junit-jupiter-4.8.1.jar:/root/.m2/repository/org/skyscreamer/jsonassert/1.5.1/jsonassert-1.5.1.jar:/root/.m2/repository/com/vaadin/external/google/android-json/0.0.20131108.vaadin1/android-json-0.0.20131108.vaadin1.jar:/root/.m2/repository/org/springframework/spring-core/6.0.7/spring-core-6.0.7.jar:/root/.m2/repository/org/springframework/spring-jcl/6.0.7/spring-jcl-6.0.7.jar:/root/.m2/repository/org/springframework/spring-test/6.0.7/spring-test-6.0.7.jar:/root/.m2/repository/org/xmlunit/xmlunit-core/2.9.1/xmlunit-core-2.9.1.jar:/root/.m2/repository/io/micrometer/micrometer-tracing-bridge-otel/1.0.3/micrometer-tracing-bridge-otel-1.0.3.jar:/root/.m2/repository/io/micrometer/micrometer-tracing/1.0.3/micrometer-tracing-1.0.3.jar:/root/.m2/repository/io/micrometer/context-propagation/1.0.2/context-propagation-1.0.2.jar:/root/.m2/repository/aopalliance/aopalliance/1.0/aopalliance-1.0.jar:/root/.m2/repository/org/slf4j/slf4j-api/2.0.7/slf4j-api-2.0.7.jar:/root/.m2/repository/io/opentelemetry/opentelemetry-api/1.19.0/opentelemetry-api-1.19.0.jar:/root/.m2/repository/io/opentelemetry/opentelemetry-context/1.19.0/opentelemetry-context-1.19.0.jar:/root/.m2/repository/io/opentelemetry/opentelemetry-extension-aws/1.19.0/opentelemetry-extension-aws-1.19.0.jar:/root/.m2/repository/io/opentelemetry/opentelemetry-semconv/1.19.0-alpha/opentelemetry-semconv-1.19.0-alpha.jar:/root/.m2/repository/io/opentelemetry/opentelemetry-sdk-common/1.19.0/opentelemetry-sdk-common-1.19.0.jar:/root/.m2/repository/io/opentelemetry/opentelemetry-sdk-trace/1.19.0/opentelemetry-sdk-trace-1.19.0.jar:/root/.m2/repository/io/opentelemetry/opentelemetry-sdk/1.19.0/opentelemetry-sdk-1.19.0.jar:/root/.m2/repository/io/opentelemetry/opentelemetry-sdk-logs/1.19.0-alpha/opentelemetry-sdk-logs-1.19.0-alpha.jar:/root/.m2/repository/io/opentelemetry/opentelemetry-api-logs/1.19.0-alpha/opentelemetry-api-logs-1.19.0-alpha.jar:/root/.m2/repository/io/opentelemetry/instrumentation/opentelemetry-instrumentation-api-semconv/1.19.2-alpha/opentelemetry-instrumentation-api-semconv-1.19.2-alpha.jar:/root/.m2/repository/io/opentelemetry/instrumentation/opentelemetry-instrumentation-api/1.19.2/opentelemetry-instrumentation-api-1.19.2.jar:/root/.m2/repository/io/opentelemetry/opentelemetry-extension-trace-propagators/1.19.0/opentelemetry-extension-trace-propagators-1.19.0.jar:/root/.m2/repository/io/opentelemetry/opentelemetry-exporter-otlp/1.19.0/opentelemetry-exporter-otlp-1.19.0.jar:/root/.m2/repository/io/opentelemetry/opentelemetry-sdk-metrics/1.19.0/opentelemetry-sdk-metrics-1.19.0.jar:/root/.m2/repository/io/opentelemetry/opentelemetry-exporter-otlp-common/1.19.0/opentelemetry-exporter-otlp-common-1.19.0.jar:/root/.m2/repository/io/opentelemetry/opentelemetry-exporter-common/1.19.0/opentelemetry-exporter-common-1.19.0.jar:/root/.m2/repository/com/squareup/okhttp3/okhttp/4.10.0/okhttp-4.10.0.jar:/root/.m2/repository/com/squareup/okio/okio-jvm/3.0.0/okio-jvm-3.0.0.jar:/root/.m2/repository/org/jetbrains/kotlin/kotlin-stdlib-jdk8/1.7.22/kotlin-stdlib-jdk8-1.7.22.jar:/root/.m2/repository/org/jetbrains/kotlin/kotlin-stdlib-jdk7/1.7.22/kotlin-stdlib-jdk7-1.7.22.jar:/root/.m2/repository/org/jetbrains/kotlin/kotlin-stdlib-common/1.7.22/kotlin-stdlib-common-1.7.22.jar:/root/.m2/repository/org/jetbrains/kotlin/kotlin-stdlib/1.7.22/kotlin-stdlib-1.7.22.jar:/root/.m2/repository/org/jetbrains/annotations/13.0/annotations-13.0.jar:"/>
    <property name="sun.cpu.endian" value="little"/>
    <property name="user.home" value="/root"/>
    <property name="user.language" value="ko"/>
    <property name="java.specification.vendor" value="Oracle Corporation"/>
    <property name="java.version.date" value="2024-07-16"/>
    <property name="java.home" value="/usr/lib/jvm/java-17-openjdk-amd64"/>
    <property name="file.separator" value="/"/>
    <property name="basedir" value="/root/distributed-tracing-with-spring-boot/distributed-tracing-spring-boot-opentelemetry-jaeger"/>
    <property name="java.vm.compressedOopsMode" value="Zero based"/>
    <property name="line.separator" value="&#10;"/>
    <property name="java.vm.specification.vendor" value="Oracle Corporation"/>
    <property name="java.specification.name" value="Java Platform API Specification"/>
    <property name="org.omg.PortableInterceptor.ORBInitializerClass.org.omg.PortableInterceptor.RuxitOrbInitializer" value=""/>
    <property name="surefire.real.class.path" value="/root/distributed-tracing-with-spring-boot/distributed-tracing-spring-boot-opentelemetry-jaeger/target/surefire/surefirebooter13131405348200466884.jar:/opt/dynatrace/oneagent/agent/bin/1.295.65.20240730-092325/any/java/oneagentjava.livedebugger.jar"/>
    <property name="sun.management.compiler" value="HotSpot 64-Bit Tiered Compilers"/>
    <property name="java.runtime.version" value="17.0.12+7-Ubuntu-1ubuntu220.04"/>
    <property name="user.name" value="root"/>
    <property name="path.separator" value=":"/>
    <property name="os.version" value="5.15.0-102-generic"/>
    <property name="java.runtime.name" value="OpenJDK Runtime Environment"/>
    <property name="file.encoding" value="UTF-8"/>
    <property name="java.vm.name" value="OpenJDK 64-Bit Server VM"/>
    <property name="localRepository" value="/root/.m2/repository"/>
    <property name="java.vendor.url.bug" value="https://bugs.launchpad.net/ubuntu/+source/openjdk-17"/>
    <property name="java.io.tmpdir" value="/tmp"/>
    <property name="java.version" value="17.0.12"/>
    <property name="user.dir" value="/root/distributed-tracing-with-spring-boot/distributed-tracing-spring-boot-opentelemetry-jaeger"/>
    <property name="os.arch" value="amd64"/>
    <property name="java.vm.specification.name" value="Java Virtual Machine Specification"/>
    <property name="native.encoding" value="UTF-8"/>
    <property name="java.library.path" value="/usr/java/packages/lib:/usr/lib/x86_64-linux-gnu/jni:/lib/x86_64-linux-gnu:/usr/lib/x86_64-linux-gnu:/usr/lib/jni:/lib:/usr/lib"/>
    <property name="java.vm.info" value="mixed mode"/>
    <property name="java.vendor" value="Ubuntu"/>
    <property name="java.vm.version" value="17.0.12+7-Ubuntu-1ubuntu220.04"/>
    <property name="sun.io.unicode.encoding" value="UnicodeLittle"/>
    <property name="java.class.version" value="61.0"/>
  </properties>
  <testcase name="contextLoads" classname="com.amrut.prabhu.DistributedTracingApplicationTests" time="0.494"/>
</testsuite>